[ 2015-06-11T11:20:09+08:00 ] 127.0.0.1 /Capsule/
INFO: [ app_init ] --START--
INFO: Run Behavior\BuildLiteBehavior [ RunTime:0.000000s ]
INFO: [ app_init ] --END-- [ RunTime:0.003000s ]
INFO: [ app_begin ] --START--
INFO: Run Behavior\ReadHtmlCacheBehavior [ RunTime:0.011000s ]
INFO: [ app_begin ] --END-- [ RunTime:0.011000s ]
INFO: [ view_parse ] --START--
INFO: [ template_filter ] --START--
INFO: Run Behavior\ContentReplaceBehavior [ RunTime:0.000000s ]
INFO: [ template_filter ] --END-- [ RunTime:0.001000s ]
INFO: Run Behavior\ParseTemplateBehavior [ RunTime:0.047002s ]
INFO: [ view_parse ] --END-- [ RunTime:0.047002s ]
INFO: [ view_filter ] --START--
INFO: Run Behavior\WriteHtmlCacheBehavior [ RunTime:0.001000s ]
INFO: [ view_filter ] --END-- [ RunTime:0.001000s ]
INFO: [ app_end ] --START--
INFO: Run Behavior\ShowPageTraceBehavior [ RunTime:0.010000s ]
INFO: [ app_end ] --END-- [ RunTime:0.010000s ]

[ 2015-06-11T11:20:52+08:00 ] 127.0.0.1 /Capsule/index.php/Home/Index/upload
INFO: [ app_init ] --START--
INFO: Run Behavior\BuildLiteBehavior [ RunTime:0.000000s ]
INFO: [ app_init ] --END-- [ RunTime:0.001000s ]
INFO: [ app_begin ] --START--
INFO: Run Behavior\ReadHtmlCacheBehavior [ RunTime:0.001000s ]
INFO: [ app_begin ] --END-- [ RunTime:0.001000s ]
NOTIC: [8192] mysql_connect(): The mysql extension is deprecated and will be removed in the future: use mysqli or PDO instead D:\wamp\www\Capsule\ThinkPHP\Library\Think\Db\Driver\Mysql.class.php 第 52 行.
SQL: SHOW COLUMNS FROM `code` [ RunTime:0.031002s ]
SQL: INSERT INTO `code` (`downloadcode`) VALUES ('s790vg') [ RunTime:0.002000s ]
NOTIC: [2] call_user_func() expects parameter 1 to be a valid callback, no array or string given D:\wamp\www\Capsule\ThinkPHP\Library\Think\Upload.class.php 第 170 行.
SQL: SHOW COLUMNS FROM `uploadfile` [ RunTime:0.042002s ]
SQL: SELECT * FROM `uploadfile` WHERE `filehash` = '93816aa5ee200a463dedede445b55a39'  [ RunTime:0.001000s ]
SQL: INSERT INTO `uploadfile` (`filename`,`type`,`size`,`time`,`savepath`,`filehash`,`user_id`,`code_id`) VALUES ('jingxuan_yxjx_342309_12.jpg','jpg',385063,1433992852,'2015-06-11/{9FE9CAD4-E6B8-4C0D-9509-1C7DF6F0A62C}.jpg','93816aa5ee200a463dedede445b55a39',1,67) [ RunTime:0.002000s ]
INFO: [ app_end ] --START--
INFO: Run Behavior\ShowPageTraceBehavior [ RunTime:0.001001s ]
INFO: [ app_end ] --END-- [ RunTime:0.001001s ]

[ 2015-06-11T11:20:52+08:00 ] 127.0.0.1 /Capsule/index.php/Home/Index/upload
INFO: [ app_init ] --START--
INFO: Run Behavior\BuildLiteBehavior [ RunTime:0.000000s ]
INFO: [ app_init ] --END-- [ RunTime:0.001000s ]
INFO: [ app_begin ] --START--
INFO: Run Behavior\ReadHtmlCacheBehavior [ RunTime:0.001000s ]
INFO: [ app_begin ] --END-- [ RunTime:0.001000s ]
NOTIC: [2] call_user_func() expects parameter 1 to be a valid callback, no array or string given D:\wamp\www\Capsule\ThinkPHP\Library\Think\Upload.class.php 第 170 行.
NOTIC: [8192] mysql_connect(): The mysql extension is deprecated and will be removed in the future: use mysqli or PDO instead D:\wamp\www\Capsule\ThinkPHP\Library\Think\Db\Driver\Mysql.class.php 第 52 行.
SQL: SHOW COLUMNS FROM `uploadfile` [ RunTime:0.004000s ]
SQL: SELECT * FROM `uploadfile` WHERE `filehash` = 'd422922c0358a6600d509332cd5ddebf'  [ RunTime:0.002000s ]
SQL: INSERT INTO `uploadfile` (`filename`,`type`,`size`,`time`,`savepath`,`filehash`,`user_id`,`code_id`) VALUES ('MAIN201302261016000326757276656.jpg','jpg',191440,1433992852,'2015-06-11/{4FA62C7E-3DAF-4A24-BD11-D9E27D21CED0}.jpg','d422922c0358a6600d509332cd5ddebf',1,67) [ RunTime:0.002000s ]
INFO: [ app_end ] --START--
INFO: Run Behavior\ShowPageTraceBehavior [ RunTime:0.001000s ]
INFO: [ app_end ] --END-- [ RunTime:0.002000s ]

[ 2015-06-11T11:20:52+08:00 ] 127.0.0.1 /Capsule/index.php/Home/Index/upload
INFO: [ app_init ] --START--
INFO: Run Behavior\BuildLiteBehavior [ RunTime:0.000000s ]
INFO: [ app_init ] --END-- [ RunTime:0.000000s ]
INFO: [ app_begin ] --START--
INFO: Run Behavior\ReadHtmlCacheBehavior [ RunTime:0.001001s ]
INFO: [ app_begin ] --END-- [ RunTime:0.001001s ]
NOTIC: [2] call_user_func() expects parameter 1 to be a valid callback, no array or string given D:\wamp\www\Capsule\ThinkPHP\Library\Think\Upload.class.php 第 170 行.
NOTIC: [8192] mysql_connect(): The mysql extension is deprecated and will be removed in the future: use mysqli or PDO instead D:\wamp\www\Capsule\ThinkPHP\Library\Think\Db\Driver\Mysql.class.php 第 52 行.
SQL: SHOW COLUMNS FROM `uploadfile` [ RunTime:0.003000s ]
SQL: SELECT * FROM `uploadfile` WHERE `filehash` = '28837334798e97e8fe8d2aacb29666fd'  [ RunTime:0.001001s ]
SQL: INSERT INTO `uploadfile` (`filename`,`type`,`size`,`time`,`savepath`,`filehash`,`user_id`,`code_id`) VALUES ('u=186151183,1408597592&fm=56.jpg','jpg',9481,1433992852,'2015-06-11/{B12310DF-2086-4AFF-AF1F-710E6E337749}.jpg','28837334798e97e8fe8d2aacb29666fd',1,67) [ RunTime:0.003000s ]
INFO: [ app_end ] --START--
INFO: Run Behavior\ShowPageTraceBehavior [ RunTime:0.002000s ]
INFO: [ app_end ] --END-- [ RunTime:0.002000s ]

[ 2015-06-11T11:20:52+08:00 ] 127.0.0.1 /Capsule/index.php/Home/Index/upload
INFO: [ app_init ] --START--
INFO: Run Behavior\BuildLiteBehavior [ RunTime:0.000000s ]
INFO: [ app_init ] --END-- [ RunTime:0.001000s ]
INFO: [ app_begin ] --START--
INFO: Run Behavior\ReadHtmlCacheBehavior [ RunTime:0.001000s ]
INFO: [ app_begin ] --END-- [ RunTime:0.002000s ]
NOTIC: [2] call_user_func() expects parameter 1 to be a valid callback, no array or string given D:\wamp\www\Capsule\ThinkPHP\Library\Think\Upload.class.php 第 170 行.
NOTIC: [8192] mysql_connect(): The mysql extension is deprecated and will be removed in the future: use mysqli or PDO instead D:\wamp\www\Capsule\ThinkPHP\Library\Think\Db\Driver\Mysql.class.php 第 52 行.
SQL: SHOW COLUMNS FROM `uploadfile` [ RunTime:0.004000s ]
SQL: SELECT * FROM `uploadfile` WHERE `filehash` = '547d4a29f963e4db464844379c412f78'  [ RunTime:0.001001s ]
SQL: INSERT INTO `uploadfile` (`filename`,`type`,`size`,`time`,`savepath`,`filehash`,`user_id`,`code_id`) VALUES ('u=3370969699,811386931&fm=23&gp=0.jpg','jpg',13708,1433992852,'2015-06-11/{C9BBAD99-CDAE-428F-9DE6-24DCE77C40EF}.jpg','547d4a29f963e4db464844379c412f78',1,67) [ RunTime:0.002000s ]
INFO: [ app_end ] --START--
INFO: Run Behavior\ShowPageTraceBehavior [ RunTime:0.001000s ]
INFO: [ app_end ] --END-- [ RunTime:0.001000s ]

[ 2015-06-11T11:21:40+08:00 ] 127.0.0.1 /Capsule/
INFO: [ app_init ] --START--
INFO: Run Behavior\BuildLiteBehavior [ RunTime:0.000000s ]
INFO: [ app_init ] --END-- [ RunTime:0.001001s ]
INFO: [ app_begin ] --START--
INFO: Run Behavior\ReadHtmlCacheBehavior [ RunTime:0.001000s ]
INFO: [ app_begin ] --END-- [ RunTime:0.001000s ]
INFO: [ view_parse ] --START--
INFO: [ template_filter ] --START--
INFO: Run Behavior\ContentReplaceBehavior [ RunTime:0.001000s ]
INFO: [ template_filter ] --END-- [ RunTime:0.001000s ]
INFO: Run Behavior\ParseTemplateBehavior [ RunTime:0.009000s ]
INFO: [ view_parse ] --END-- [ RunTime:0.009000s ]
INFO: [ view_filter ] --START--
INFO: Run Behavior\WriteHtmlCacheBehavior [ RunTime:0.001001s ]
INFO: [ view_filter ] --END-- [ RunTime:0.001001s ]
INFO: [ app_end ] --START--
INFO: Run Behavior\ShowPageTraceBehavior [ RunTime:0.001000s ]
INFO: [ app_end ] --END-- [ RunTime:0.001000s ]

[ 2015-06-11T11:21:56+08:00 ] 127.0.0.1 /Capsule/index.php/Home/Index/upload
INFO: [ app_init ] --START--
INFO: Run Behavior\BuildLiteBehavior [ RunTime:0.000000s ]
INFO: [ app_init ] --END-- [ RunTime:0.001000s ]
INFO: [ app_begin ] --START--
INFO: Run Behavior\ReadHtmlCacheBehavior [ RunTime:0.001000s ]
INFO: [ app_begin ] --END-- [ RunTime:0.001000s ]
NOTIC: [8192] mysql_connect(): The mysql extension is deprecated and will be removed in the future: use mysqli or PDO instead D:\wamp\www\Capsule\ThinkPHP\Library\Think\Db\Driver\Mysql.class.php 第 52 行.
SQL: SHOW COLUMNS FROM `code` [ RunTime:0.006001s ]
SQL: INSERT INTO `code` (`downloadcode`) VALUES ('bto1vg') [ RunTime:0.003000s ]
NOTIC: [2] call_user_func() expects parameter 1 to be a valid callback, no array or string given D:\wamp\www\Capsule\ThinkPHP\Library\Think\Upload.class.php 第 170 行.
SQL: SHOW COLUMNS FROM `uploadfile` [ RunTime:0.003000s ]
SQL: SELECT * FROM `uploadfile` WHERE `filehash` = '93816aa5ee200a463dedede445b55a39'  [ RunTime:0.001000s ]
SQL: UPDATE `uploadfile` SET `savepath`='2015-06-11/{AA787C45-EE9C-48A4-9B2E-4CE2F52F33CF}.jpg' WHERE `id` = 203 [ RunTime:0.035002s ]
SQL: INSERT INTO `uploadfile` (`filename`,`type`,`size`,`time`,`savepath`,`filehash`,`user_id`,`code_id`) VALUES ('jingxuan_yxjx_342309_12.jpg','jpg',385063,1433992916,'2015-06-11/{AA787C45-EE9C-48A4-9B2E-4CE2F52F33CF}.jpg','93816aa5ee200a463dedede445b55a39',1,68) [ RunTime:0.001000s ]
INFO: [ app_end ] --START--
INFO: Run Behavior\ShowPageTraceBehavior [ RunTime:0.001000s ]
INFO: [ app_end ] --END-- [ RunTime:0.002000s ]

[ 2015-06-11T11:21:56+08:00 ] 127.0.0.1 /Capsule/index.php/Home/Index/upload
INFO: [ app_init ] --START--
INFO: Run Behavior\BuildLiteBehavior [ RunTime:0.000000s ]
INFO: [ app_init ] --END-- [ RunTime:0.001000s ]
INFO: [ app_begin ] --START--
INFO: Run Behavior\ReadHtmlCacheBehavior [ RunTime:0.001000s ]
INFO: [ app_begin ] --END-- [ RunTime:0.002000s ]
NOTIC: [2] call_user_func() expects parameter 1 to be a valid callback, no array or string given D:\wamp\www\Capsule\ThinkPHP\Library\Think\Upload.class.php 第 170 行.
NOTIC: [8192] mysql_connect(): The mysql extension is deprecated and will be removed in the future: use mysqli or PDO instead D:\wamp\www\Capsule\ThinkPHP\Library\Think\Db\Driver\Mysql.class.php 第 52 行.
SQL: SHOW COLUMNS FROM `uploadfile` [ RunTime:0.007001s ]
SQL: SELECT * FROM `uploadfile` WHERE `filehash` = 'd422922c0358a6600d509332cd5ddebf'  [ RunTime:0.002000s ]
SQL: UPDATE `uploadfile` SET `savepath`='2015-06-11/{5B59046A-E48D-4BD6-A094-BEC02BF3C7DA}.jpg' WHERE `id` = 204 [ RunTime:0.002000s ]
SQL: INSERT INTO `uploadfile` (`filename`,`type`,`size`,`time`,`savepath`,`filehash`,`user_id`,`code_id`) VALUES ('MAIN201302261016000326757276656.jpg','jpg',191440,1433992916,'2015-06-11/{5B59046A-E48D-4BD6-A094-BEC02BF3C7DA}.jpg','d422922c0358a6600d509332cd5ddebf',1,68) [ RunTime:0.001000s ]
INFO: [ app_end ] --START--
INFO: Run Behavior\ShowPageTraceBehavior [ RunTime:0.001000s ]
INFO: [ app_end ] --END-- [ RunTime:0.001000s ]

[ 2015-06-11T11:21:56+08:00 ] 127.0.0.1 /Capsule/index.php/Home/Index/upload
INFO: [ app_init ] --START--
INFO: Run Behavior\BuildLiteBehavior [ RunTime:0.000000s ]
INFO: [ app_init ] --END-- [ RunTime:0.001000s ]
INFO: [ app_begin ] --START--
INFO: Run Behavior\ReadHtmlCacheBehavior [ RunTime:0.001000s ]
INFO: [ app_begin ] --END-- [ RunTime:0.002000s ]
NOTIC: [2] call_user_func() expects parameter 1 to be a valid callback, no array or string given D:\wamp\www\Capsule\ThinkPHP\Library\Think\Upload.class.php 第 170 行.
NOTIC: [8192] mysql_connect(): The mysql extension is deprecated and will be removed in the future: use mysqli or PDO instead D:\wamp\www\Capsule\ThinkPHP\Library\Think\Db\Driver\Mysql.class.php 第 52 行.
SQL: SHOW COLUMNS FROM `uploadfile` [ RunTime:0.005000s ]
SQL: SELECT * FROM `uploadfile` WHERE `filehash` = '28837334798e97e8fe8d2aacb29666fd'  [ RunTime:0.001000s ]
SQL: UPDATE `uploadfile` SET `savepath`='2015-06-11/{F62D5E2D-939B-45CB-8619-46C99EE3FFF3}.jpg' WHERE `id` = 205 [ RunTime:0.014001s ]
SQL: INSERT INTO `uploadfile` (`filename`,`type`,`size`,`time`,`savepath`,`filehash`,`user_id`,`code_id`) VALUES ('u=186151183,1408597592&fm=56.jpg','jpg',9481,1433992916,'2015-06-11/{F62D5E2D-939B-45CB-8619-46C99EE3FFF3}.jpg','28837334798e97e8fe8d2aacb29666fd',1,68) [ RunTime:0.001000s ]
INFO: [ app_end ] --START--
INFO: Run Behavior\ShowPageTraceBehavior [ RunTime:0.001000s ]
INFO: [ app_end ] --END-- [ RunTime:0.002000s ]

[ 2015-06-11T11:21:56+08:00 ] 127.0.0.1 /Capsule/index.php/Home/Index/upload
INFO: [ app_init ] --START--
INFO: Run Behavior\BuildLiteBehavior [ RunTime:0.000000s ]
INFO: [ app_init ] --END-- [ RunTime:0.002000s ]
INFO: [ app_begin ] --START--
INFO: Run Behavior\ReadHtmlCacheBehavior [ RunTime:0.002001s ]
INFO: [ app_begin ] --END-- [ RunTime:0.002001s ]
NOTIC: [2] call_user_func() expects parameter 1 to be a valid callback, no array or string given D:\wamp\www\Capsule\ThinkPHP\Library\Think\Upload.class.php 第 170 行.
NOTIC: [8192] mysql_connect(): The mysql extension is deprecated and will be removed in the future: use mysqli or PDO instead D:\wamp\www\Capsule\ThinkPHP\Library\Think\Db\Driver\Mysql.class.php 第 52 行.
SQL: SHOW COLUMNS FROM `uploadfile` [ RunTime:0.003000s ]
SQL: SELECT * FROM `uploadfile` WHERE `filehash` = '547d4a29f963e4db464844379c412f78'  [ RunTime:0.000000s ]
SQL: UPDATE `uploadfile` SET `savepath`='2015-06-11/{23B5E8EB-0990-40B3-AC35-70C7B27E8C08}.jpg' WHERE `id` = 206 [ RunTime:0.002000s ]
SQL: INSERT INTO `uploadfile` (`filename`,`type`,`size`,`time`,`savepath`,`filehash`,`user_id`,`code_id`) VALUES ('u=3370969699,811386931&fm=23&gp=0.jpg','jpg',13708,1433992916,'2015-06-11/{23B5E8EB-0990-40B3-AC35-70C7B27E8C08}.jpg','547d4a29f963e4db464844379c412f78',1,68) [ RunTime:0.002000s ]
INFO: [ app_end ] --START--
INFO: Run Behavior\ShowPageTraceBehavior [ RunTime:0.001000s ]
INFO: [ app_end ] --END-- [ RunTime:0.002000s ]

[ 2015-06-11T11:21:56+08:00 ] 127.0.0.1 /Capsule/index.php/Home/Index/upload
INFO: [ app_init ] --START--
INFO: Run Behavior\BuildLiteBehavior [ RunTime:0.000000s ]
INFO: [ app_init ] --END-- [ RunTime:0.001000s ]
INFO: [ app_begin ] --START--
INFO: Run Behavior\ReadHtmlCacheBehavior [ RunTime:0.001000s ]
INFO: [ app_begin ] --END-- [ RunTime:0.001000s ]
NOTIC: [2] call_user_func() expects parameter 1 to be a valid callback, no array or string given D:\wamp\www\Capsule\ThinkPHP\Library\Think\Upload.class.php 第 170 行.
NOTIC: [8192] mysql_connect(): The mysql extension is deprecated and will be removed in the future: use mysqli or PDO instead D:\wamp\www\Capsule\ThinkPHP\Library\Think\Db\Driver\Mysql.class.php 第 52 行.
SQL: SHOW COLUMNS FROM `uploadfile` [ RunTime:0.003001s ]
SQL: SELECT * FROM `uploadfile` WHERE `filehash` = '3f90e0f7e1903e1f143cb8a067ace81c'  [ RunTime:0.001000s ]
SQL: INSERT INTO `uploadfile` (`filename`,`type`,`size`,`time`,`savepath`,`filehash`,`user_id`,`code_id`) VALUES ('wKioOVIlRELDquMqAAA8oFPxPZs180.jpg','jpg',15410,1433992916,'2015-06-11/{FF3E4E85-C2CC-4209-AEBC-789356CD04A1}.jpg','3f90e0f7e1903e1f143cb8a067ace81c',1,68) [ RunTime:0.001000s ]
INFO: [ app_end ] --START--
INFO: Run Behavior\ShowPageTraceBehavior [ RunTime:0.000000s ]
INFO: [ app_end ] --END-- [ RunTime:0.001000s ]

[ 2015-06-11T11:23:21+08:00 ] 127.0.0.1 /Capsule/
INFO: [ app_init ] --START--
INFO: Run Behavior\BuildLiteBehavior [ RunTime:0.000000s ]
INFO: [ app_init ] --END-- [ RunTime:0.000000s ]
INFO: [ app_begin ] --START--
INFO: Run Behavior\ReadHtmlCacheBehavior [ RunTime:0.000000s ]
INFO: [ app_begin ] --END-- [ RunTime:0.000000s ]
INFO: [ view_parse ] --START--
INFO: [ template_filter ] --START--
INFO: Run Behavior\ContentReplaceBehavior [ RunTime:0.001000s ]
INFO: [ template_filter ] --END-- [ RunTime:0.001000s ]
INFO: Run Behavior\ParseTemplateBehavior [ RunTime:0.022600s ]
INFO: [ view_parse ] --END-- [ RunTime:0.022600s ]
INFO: [ view_filter ] --START--
INFO: Run Behavior\WriteHtmlCacheBehavior [ RunTime:0.001000s ]
INFO: [ view_filter ] --END-- [ RunTime:0.001000s ]
INFO: [ app_end ] --START--
INFO: Run Behavior\ShowPageTraceBehavior [ RunTime:0.001000s ]
INFO: [ app_end ] --END-- [ RunTime:0.001000s ]

